make all --print-data-base --no-builtin-variables --no-builtin-rules --question
# GNU Make 4.3
# Built for x86_64-pc-linux-gnu
# Copyright (C) 1988-2020 Free Software Foundation, Inc.
# License GPLv3+: GNU GPL version 3 or later <http://gnu.org/licenses/gpl.html>
# This is free software: you are free to change and redistribute it.
# There is NO WARRANTY, to the extent permitted by law.

# Make data base, printed on Sun Mar 27 13:08:09 2022

# Variables

# environment
PROVIDE_FULLSTACK_ACTION = true
# environment
GDK_BACKEND = x11
# environment
LC_ALL = C
# environment
NO_AT_BRIDGE = 1
# environment
GTK_RC_FILES = /etc/gtk/gtkrc:/home/adam/.gtkrc:/home/adam/.config/gtkrc
# environment
UUID = 57672b51-20f4-4a1c-ae42-c7b14c30d62c
# environment
VSCODE_IPC_HOOK_EXTHOST = /run/user/1000/vscode-ipc-02f2012b-71c8-4ade-8271-56de88f741d2.sock
# environment
LC_NAME = pl_PL.UTF-8
# environment
LC_NUMERIC = pl_PL.UTF-8
# environment
VSCODE_CWD = /home/adam
# environment
LC_ADDRESS = pl_PL.UTF-8
# default
MAKE_COMMAND := make
# environment
GTK3_MODULES = xapp-gtk3-module
# environment
THREE_SCALE_USER_TOKEN = 207c527cfc2a6b8dcf4fa43ad7a976da
# environment
GOPATH = /home/adam/go
# automatic
@D = $(patsubst %/,%,$(dir $@))
# environment
VSCODE_HANDLES_UNCAUGHT_ERRORS = true
# default
.VARIABLES := 
# environment
PWD = /home/adam/Uczelnia/VISEM/KKD/L2
# automatic
%D = $(patsubst %/,%,$(dir $%))
# environment
MAIL = /var/spool/mail/adam
# environment
XDG_DATA_DIRS = /home/adam/.local/share/flatpak/exports/share:/var/lib/flatpak/exports/share:/usr/local/share:/usr/share:/var/lib/snapd/desktop
# automatic
^D = $(patsubst %/,%,$(dir $^))
# environment
VSCODE_LOG_STACK = false
# automatic
%F = $(notdir $%)
# environment
VSCODE_CODE_CACHE_PATH = /home/adam/.config/Code/CachedData/c722ca6c7eed3d7987c0d5c3df5c45f6b15e77d1
# environment
XDG_SESSION_PATH = /org/freedesktop/DisplayManager/Session0
# environment
LANG = C
# environment
XAUTHORITY = /home/adam/.Xauthority
# default
.LOADED := 
# default
.INCLUDE_DIRS = /usr/include /usr/local/include /usr/include
# makefile
MAKEFLAGS = pqrR
# makefile
CURDIR := /home/adam/Uczelnia/VISEM/KKD/L2
# environment
VSCODE_PIPE_LOGGING = true
# environment
UTM_SOURCE = vscode
# environment
APPLICATION_INSIGHTS_NO_DIAGNOSTIC_CHANNEL = 1
# automatic
*D = $(patsubst %/,%,$(dir $*))
# environment
PAM_KWALLET5_LOGIN = /run/user/1000/kwallet5.socket
# environment
MFLAGS = -pqrR
# default
.SHELLFLAGS := -c
# environment
QT_LINUX_ACCESSIBILITY_ALWAYS_ON = 1
# environment
XDG_CONFIG_DIRS = /home/adam/.config/kdedefaults:/etc/xdg
# automatic
+D = $(patsubst %/,%,$(dir $+))
# environment
XCURSOR_THEME = breeze_cursors
# environment
XDG_SESSION_DESKTOP = KDE
# makefile (from 'Makefile', line 1)
MAKEFILE_LIST := Makefile
# automatic
@F = $(notdir $@)
# environment
VSCODE_VERBOSE_LOGGING = true
# environment
VSCODE_PID = 2020
# environment
XDG_SESSION_TYPE = x11
# automatic
?D = $(patsubst %/,%,$(dir $?))
# environment
SESSION_MANAGER = local/adam-b550aoruselitev2:@/tmp/.ICE-unix/863,unix/adam-b550aoruselitev2:/tmp/.ICE-unix/863
# automatic
*F = $(notdir $*)
# environment
CHROME_DESKTOP = code-url-handler.desktop
# environment
DBUS_SESSION_BUS_ADDRESS = unix:path=/run/user/1000/bus
# automatic
<D = $(patsubst %/,%,$(dir $<))
# environment
VSCODE_NLS_CONFIG = {"locale":"en","availableLanguages":{},"_languagePackSupport":true}
# default
MAKE_HOST := x86_64-pc-linux-gnu
# makefile
SHELL = /bin/sh
# default
MAKECMDGOALS := all
# environment
SHLVL = 1
# environment
MAKELEVEL := 0
# default
MAKE = $(MAKE_COMMAND)
# environment
PATH = /home/adam/.local/bin:/usr/local/sbin:/usr/local/bin:/usr/bin:/usr/lib/jvm/default/bin:/usr/bin/site_perl:/usr/bin/vendor_perl:/usr/bin/core_perl:/var/lib/snapd/snap/bin
# default
MAKEFILES := 
# environment
LC_MONETARY = pl_PL.UTF-8
# environment
MOTD_SHOWN = pam
# automatic
^F = $(notdir $^)
# environment
LC_TIME = pl_PL.UTF-8
# environment
VSCODE_LOG_NATIVE = false
# environment
RECOMMENDER_API_URL = https://gw.api.openshift.io//api/v2
# environment
LC_TELEPHONE = pl_PL.UTF-8
# automatic
?F = $(notdir $?)
# environment
KDE_APPLICATIONS_AS_SCOPE = 1
# environment
XDG_SEAT = seat0
# environment
XDG_CURRENT_DESKTOP = KDE
# automatic
+F = $(notdir $+)
# environment
XDG_SEAT_PATH = /org/freedesktop/DisplayManager/Seat0
# environment
DESKTOP_SESSION = plasma
# environment
ORIGINAL_XDG_CURRENT_DESKTOP = KDE
# 'override' directive
GNUMAKEFLAGS := 
# environment
LOGNAME = adam
# environment
XDG_VTNR = 1
# makefile
.DEFAULT_GOAL := all
# environment
SYSTEMD_EXEC_PID = 744
# environment
DISPLAY = :0
# environment
GTK_MODULES = canberra-gtk-module
# environment
USER = adam
# default
MAKE_VERSION := 4.3
# environment
KDE_SESSION_UID = 1000
# environment
LC_MEASUREMENT = pl_PL.UTF-8
# environment
_ = /usr/bin/make
# environment
LC_PAPER = pl_PL.UTF-8
# environment
XDG_RUNTIME_DIR = /run/user/1000
# environment
GOMODCACHE = /home/adam/go/pkg/mod
# environment
GOLANG_EXECUTABLE = go
# environment
XDG_SESSION_CLASS = user
# environment
VSCODE_AMD_ENTRYPOINT = vs/workbench/api/node/extensionHostProcess
# environment
GTK2_RC_FILES = /etc/gtk-2.0/gtkrc:/home/adam/.gtkrc-2.0:/home/adam/.config/gtkrc-2.0
# environment
HOME = /home/adam
# environment
ELECTRON_RUN_AS_NODE = 1
# environment
VSCODE_IPC_HOOK = /run/user/1000/vscode-6339429b-1.65.2-main.sock
# environment
XDG_SESSION_ID = 1
# environment
XCURSOR_SIZE = 24
# environment
GOPROXY = https://proxy.golang.org,direct
# default
.RECIPEPREFIX := 
# automatic
<F = $(notdir $<)
# default
SUFFIXES := 
# environment
QT_AUTO_SCREEN_SCALE_FACTOR = 0
# environment
VSCODE_CLI = 1
# environment
TELEMETRY_ID = d9bbce3c-88f9-4edd-a746-166de6d23c4a
# environment
ELECTRON_NO_ATTACH_CONSOLE = 1
# environment
KDE_SESSION_VERSION = 5
# default
.FEATURES := target-specific order-only second-expansion else-if shortest-stem undefine oneshell nocomment grouped-target extra-prereqs archives jobserver output-sync check-symlink guile load
# environment
KDE_FULL_SESSION = true
# environment
LC_IDENTIFICATION = pl_PL.UTF-8
# variable set hash-table stats:
# Load=116/1024=11%, Rehash=0, Collisions=5/149=3%

# Pattern-specific Variable Values

# No pattern-specific variable values.

# Directories

# . (device 2053, inode 8654458): 10 files, no impossibilities.

# 10 files, no impossibilities in 1 directories.

# Implicit Rules

# No implicit rules.

# Files

runD:
#  Phony target (prerequisite of .PHONY).
#  Implicit rule search has not been done.
#  File does not exist.
#  File has not been updated.
#  recipe to execute (from 'Makefile', line 11):
	@./build/decoder/decoder

cleanD:
#  Phony target (prerequisite of .PHONY).
#  Implicit rule search has not been done.
#  File does not exist.
#  File has not been updated.
#  recipe to execute (from 'Makefile', line 23):
	@rm build/decoder/*

buildD:
#  Phony target (prerequisite of .PHONY).
#  Implicit rule search has not been done.
#  File does not exist.
#  File has not been updated.
#  recipe to execute (from 'Makefile', line 8):
	@go build -o build/decoder/decoder cmd/decoder/decoder.go

# Not a target:
Makefile:
#  Implicit rule search has been done.
 
#  Last modified 2022-03-26 21:15:22.811178609
#  File has been updated.
#  Successfully updated.

clean: cleanC cleanD
#  Phony target (prerequisite of .PHONY).
#  Implicit rule search has not been done.
#  File does not exist.
#  File has not been updated.

buildC:
#  Phony target (prerequisite of .PHONY).
#  Implicit rule search has not been done.
#  Implicit/static pattern stem: ''
#  File does not exist.
#  File has been updated.
#  Needs to be updated (-q is set).
# automatic
# @ := buildC
# automatic
# * := 
# automatic
# < := 
# automatic
# + := 
# automatic
# % := 
# automatic
# ^ := 
# automatic
# ? := 
# automatic
# | := 
# variable set hash-table stats:
# Load=8/32=25%, Rehash=0, Collisions=1/11=9%
#  recipe to execute (from 'Makefile', line 14):
	@go build -o build/coder/coder cmd/coder/coder.go

# Not a target:
.DEFAULT:
#  Implicit rule search has not been done.
#  Modification time never checked.
#  File has not been updated.

all: build
#  Command line target.
#  Implicit rule search has been done.
#  File does not exist.
#  File has been updated.
#  Needs to be updated (-q is set).
# variable set hash-table stats:
# Load=0/32=0%, Rehash=0, Collisions=0/3=0%

cleanC:
#  Phony target (prerequisite of .PHONY).
#  Implicit rule search has not been done.
#  File does not exist.
#  File has not been updated.
#  recipe to execute (from 'Makefile', line 26):
	@rm build/coder/*

build: buildC buildD
#  Phony target (prerequisite of .PHONY).
#  Implicit rule search has not been done.
#  File does not exist.
#  File has been updated.
#  Needs to be updated (-q is set).
# variable set hash-table stats:
# Load=0/32=0%, Rehash=0, Collisions=0/3=0%

runC:
#  Phony target (prerequisite of .PHONY).
#  Implicit rule search has not been done.
#  File does not exist.
#  File has not been updated.
#  recipe to execute (from 'Makefile', line 17):
	@./build/coder/coder

# Not a target:
.SUFFIXES:
#  Implicit rule search has not been done.
#  Modification time never checked.
#  File has not been updated.

.PHONY: build buildD runD buildC runC cleanO clean cleanC cleanD
#  Implicit rule search has not been done.
#  Modification time never checked.
#  File has not been updated.

cleanO:
#  Phony target (prerequisite of .PHONY).
#  Implicit rule search has not been done.
#  File does not exist.
#  File has not been updated.
#  recipe to execute (from 'Makefile', line 20):
	@rm data/output/*

# files hash-table stats:
# Load=14/1024=1%, Rehash=0, Collisions=0/49=0%
# VPATH Search Paths

# No 'vpath' search paths.

# No general ('VPATH' variable) search path.

# strcache buffers: 1 (0) / strings = 24 / storage = 166 B / avg = 6 B
# current buf: size = 8162 B / used = 166 B / count = 24 / avg = 6 B

# strcache performance: lookups = 56 / hit rate = 57%
# hash-table stats:
# Load=24/8192=0%, Rehash=0, Collisions=0/56=0%
# Finished Make data base on Sun Mar 27 13:08:09 2022

 
